<?xml version="1.0" encoding="UTF-8"?>
<testng-results ignored="0" total="1" passed="1" failed="0" skipped="0">
  <reporter-output>
    <line>
      <![CDATA[No of rows are::8]]>
    </line>
    <line>
      <![CDATA[Valid username and password::dashboard    http://webapp.qedgetech.com/dashboard.php]]>
    </line>
    <line>
      <![CDATA[Incorrect user ID or password    dashboard   http://webapp.qedgetech.com/login.php]]>
    </line>
    <line>
      <![CDATA[Valid username and password::dashboard    http://webapp.qedgetech.com/dashboard.php]]>
    </line>
    <line>
      <![CDATA[Incorrect user ID or password    dashboard   http://webapp.qedgetech.com/login.php]]>
    </line>
    <line>
      <![CDATA[Valid username and password::dashboard    http://webapp.qedgetech.com/dashboard.php]]>
    </line>
    <line>
      <![CDATA[Valid username and password::dashboard    http://webapp.qedgetech.com/dashboard.php]]>
    </line>
    <line>
      <![CDATA[Valid username and password::dashboard    http://webapp.qedgetech.com/dashboard.php]]>
    </line>
    <line>
      <![CDATA[Valid username and password::dashboard    http://webapp.qedgetech.com/dashboard.php]]>
    </line>
  </reporter-output>
  <suite started-at="2024-09-23T15:13:27 IST" name="Default suite" finished-at="2024-09-23T15:14:26 IST" duration-ms="59447">
    <groups>
    </groups>
    <test started-at="2024-09-23T15:13:27 IST" name="Default test" finished-at="2024-09-23T15:14:26 IST" duration-ms="59447">
      <class name="driverFactory.DriverScript">
        <test-method is-config="true" signature="setUp()[pri:0, instance:driverFactory.DriverScript@550dbc7a]" started-at="2024-09-23T15:13:27 IST" name="setUp" finished-at="2024-09-23T15:13:31 IST" duration-ms="4755" status="PASS">
          <reporter-output>
          </reporter-output>
        </test-method> <!-- setUp -->
        <test-method signature="starttest()[pri:0, instance:driverFactory.DriverScript@550dbc7a]" started-at="2024-09-23T15:13:31 IST" name="starttest" finished-at="2024-09-23T15:14:26 IST" duration-ms="54321" status="PASS">
          <reporter-output>
            <line>
              <![CDATA[No of rows are::8]]>
            </line>
            <line>
              <![CDATA[Valid username and password::dashboard    http://webapp.qedgetech.com/dashboard.php]]>
            </line>
            <line>
              <![CDATA[Incorrect user ID or password    dashboard   http://webapp.qedgetech.com/login.php]]>
            </line>
            <line>
              <![CDATA[Valid username and password::dashboard    http://webapp.qedgetech.com/dashboard.php]]>
            </line>
            <line>
              <![CDATA[Incorrect user ID or password    dashboard   http://webapp.qedgetech.com/login.php]]>
            </line>
            <line>
              <![CDATA[Valid username and password::dashboard    http://webapp.qedgetech.com/dashboard.php]]>
            </line>
            <line>
              <![CDATA[Valid username and password::dashboard    http://webapp.qedgetech.com/dashboard.php]]>
            </line>
            <line>
              <![CDATA[Valid username and password::dashboard    http://webapp.qedgetech.com/dashboard.php]]>
            </line>
            <line>
              <![CDATA[Valid username and password::dashboard    http://webapp.qedgetech.com/dashboard.php]]>
            </line>
          </reporter-output>
        </test-method> <!-- starttest -->
        <test-method is-config="true" signature="tearDown()[pri:0, instance:driverFactory.DriverScript@550dbc7a]" started-at="2024-09-23T15:14:26 IST" name="tearDown" finished-at="2024-09-23T15:14:26 IST" duration-ms="337" status="PASS">
          <reporter-output>
          </reporter-output>
        </test-method> <!-- tearDown -->
      </class> <!-- driverFactory.DriverScript -->
    </test> <!-- Default test -->
  </suite> <!-- Default suite -->
</testng-results>
